<?xml version="1.0" encoding="UTF-8"?>
<!-- Generated by org.testng.reporters.JUnitReportReporter -->
<testsuite hostname="vagrant-pc" name="com.demoaut.newtours.TestScripts.FlightBookingTest" tests="2" failures="0" timestamp="8 Mar 2017 17:18:16 GMT" time="12.816" errors="0">
  <testcase name="bookTicket" time="6.804" classname="com.demoaut.newtours.TestScripts.FlightBookingTest"/>
  <testcase name="bookTicket" time="6.012" classname="com.demoaut.newtours.TestScripts.FlightBookingTest"/>
</testsuite> <!-- com.demoaut.newtours.TestScripts.FlightBookingTest -->
